

times in msec
 clock   self+sourced   self:  sourced script
 clock   elapsed:              other lines

000.012  000.012: --- NVIM STARTING ---
000.530  000.519: locale set
001.085  000.555: inits 1
001.108  000.023: window checked
004.417  003.309: parsing arguments
004.487  000.070: expanding arguments
004.504  000.017: inits 2
004.723  000.219: init highlight
004.724  000.001: waiting for UI
005.245  000.522: done waiting for UI
005.255  000.010: init screen for UI
005.267  000.012: init default mappings
005.317  000.050: init default autocommands
005.351  000.008  000.008: sourcing /usr/share/nvim/archlinux.vim
005.353  000.023  000.014: sourcing /etc/xdg/nvim/sysinit.vim
005.904  000.049  000.049: sourcing /usr/share/nvim/runtime/syntax/synload.vim
005.940  000.008  000.008: sourcing /home/bruth/.local/share/nvim/site/pack/paqs/start/filetype.nvim/filetype.vim
005.987  000.006  000.006: sourcing /usr/share/nvim/runtime/filetype.vim
006.158  000.772  000.709: sourcing /usr/share/nvim/runtime/syntax/syntax.vim
006.190  000.009  000.009: sourcing /home/bruth/.local/share/nvim/site/pack/paqs/start/filetype.nvim/filetype.vim
006.234  000.005  000.005: sourcing /usr/share/nvim/runtime/filetype.vim
006.315  000.015  000.015: sourcing /usr/share/nvim/runtime/ftplugin.vim
006.393  000.013  000.013: sourcing /usr/share/nvim/runtime/indent.vim
018.377  000.122  000.122: sourcing /home/bruth/.local/share/nvim/site/pack/paqs/start/gruvbox-material/autoload/gruvbox_material.vim
027.105  021.742  020.807: sourcing /home/bruth/.config/nvim/init.lua
027.116  000.033: sourcing vimrc file(s)
027.454  000.009  000.009: sourcing /home/bruth/.config/nvim/plugin/aug.vim
027.497  000.037  000.037: sourcing /home/bruth/.config/nvim/plugin/let.vim
027.602  000.099  000.099: sourcing /home/bruth/.config/nvim/plugin/set.vim
032.150  003.976  003.976: sourcing /home/bruth/.local/share/nvim/site/pack/paqs/start/gruvbox-material/colors/gruvbox-material.vim
033.254  005.646  001.670: sourcing /home/bruth/.config/nvim/plugin/theme.vim
033.398  000.008  000.008: sourcing /usr/share/nvim/runtime/plugin/gzip.vim
033.410  000.005  000.005: sourcing /usr/share/nvim/runtime/plugin/health.vim
033.433  000.018  000.018: sourcing /usr/share/nvim/runtime/plugin/man.vim
033.445  000.006  000.006: sourcing /usr/share/nvim/runtime/plugin/matchit.vim
033.530  000.079  000.079: sourcing /usr/share/nvim/runtime/plugin/matchparen.vim
033.546  000.008  000.008: sourcing /usr/share/nvim/runtime/plugin/netrwPlugin.vim
033.621  000.004  000.004: sourcing /home/bruth/.local/share/nvim/rplugin.vim
033.624  000.071  000.066: sourcing /usr/share/nvim/runtime/plugin/rplugin.vim
033.656  000.027  000.027: sourcing /usr/share/nvim/runtime/plugin/shada.vim
033.677  000.010  000.010: sourcing /usr/share/nvim/runtime/plugin/spellfile.vim
033.691  000.007  000.007: sourcing /usr/share/nvim/runtime/plugin/tarPlugin.vim
033.703  000.005  000.005: sourcing /usr/share/nvim/runtime/plugin/tohtml.vim
033.720  000.008  000.008: sourcing /usr/share/nvim/runtime/plugin/tutor.vim
033.735  000.007  000.007: sourcing /usr/share/nvim/runtime/plugin/zipPlugin.vim
033.798  000.030  000.030: sourcing /usr/share/vim/vimfiles/plugin/redact_pass.vim
033.916  000.721: loading rtp plugins
034.196  000.104  000.104: sourcing /home/bruth/.local/share/nvim/site/pack/paqs/start/LuaSnip/plugin/luasnip.vim
034.316  000.068  000.068: sourcing /home/bruth/.local/share/nvim/site/pack/paqs/start/auto-session/plugin/auto-session.vim
034.425  000.020  000.020: sourcing /home/bruth/.local/share/nvim/site/pack/paqs/start/editorconfig.nvim/plugin/editorconfig.vim
034.519  000.008  000.008: sourcing /home/bruth/.local/share/nvim/site/pack/paqs/start/harpoon/plugin/mark.vim
034.601  000.008  000.008: sourcing /home/bruth/.local/share/nvim/site/pack/paqs/start/neoformat/plugin/neoformat.vim
034.982  000.319  000.319: sourcing /home/bruth/.local/share/nvim/site/pack/paqs/start/nvim-cmp/plugin/cmp.lua
035.076  000.041  000.041: sourcing /home/bruth/.local/share/nvim/site/pack/paqs/start/nvim-lspconfig/plugin/lspconfig.vim
035.429  000.278  000.278: sourcing /home/bruth/.local/share/nvim/site/pack/paqs/start/nvim-treesitter/plugin/nvim-treesitter.vim
035.520  000.018  000.018: sourcing /home/bruth/.local/share/nvim/site/pack/paqs/start/plenary.nvim/plugin/plenary.vim
035.672  000.077  000.077: sourcing /home/bruth/.local/share/nvim/site/pack/paqs/start/telescope.nvim/plugin/telescope.vim
036.041  000.318  000.318: sourcing /home/bruth/.local/share/nvim/site/pack/paqs/start/vim-abolish/plugin/abolish.vim
036.180  000.081  000.081: sourcing /home/bruth/.local/share/nvim/site/pack/paqs/start/vim-commentary/plugin/commentary.vim
036.811  000.579  000.579: sourcing /home/bruth/.local/share/nvim/site/pack/paqs/start/vim-fugitive/plugin/fugitive.vim
037.051  000.165  000.165: sourcing /home/bruth/.local/share/nvim/site/pack/paqs/start/vim-sleuth/plugin/sleuth.vim
037.303  000.188  000.188: sourcing /home/bruth/.local/share/nvim/site/pack/paqs/start/vim-surround/plugin/surround.vim
037.378  001.189: loading packages
037.506  000.019  000.019: sourcing /home/bruth/.local/share/nvim/site/pack/paqs/start/cmp-nvim-lsp/after/plugin/cmp_nvim_lsp.lua
037.581  000.046  000.046: sourcing /home/bruth/.local/share/nvim/site/pack/paqs/start/cmp-nvim-lua/after/plugin/cmp_nvim_lua.lua
037.661  000.049  000.049: sourcing /home/bruth/.local/share/nvim/site/pack/paqs/start/cmp-path/after/plugin/cmp_path.lua
037.741  000.050  000.050: sourcing /home/bruth/.local/share/nvim/site/pack/paqs/start/cmp_luasnip/after/plugin/cmp_luasnip.lua
037.748  000.206: loading after plugins
037.755  000.007: inits 3
039.951  002.196: reading ShaDa
040.005  000.054: opening buffers
040.040  000.034: BufEnter autocommands
040.041  000.002: editing files in windows
043.695  000.385  000.385: sourcing /usr/share/nvim/runtime/syntax/lua.vim
044.221  000.040  000.040: sourcing /usr/share/nvim/runtime/ftplugin/lua.vim
044.911  000.026  000.026: sourcing /usr/share/nvim/runtime/indent/lua.vim
051.186  000.350  000.350: sourcing /usr/share/nvim/runtime/syntax/lua.vim
055.114  014.784  013.984: sourcing /home/bruth/.local/share/nvim/sessions/%home%bruth%.config%nvim.vim
055.407  000.582: VimEnter autocommands
055.410  000.002: UIEnter autocommands
055.410  000.001: before starting main loop
068.615  013.204: first screen update
068.617  000.003: --- NVIM STARTED ---
